#
# There is insufficient memory for the Java Runtime Environment to continue.
# Native memory allocation (malloc) failed to allocate 531008 bytes for Chunk::new
# Possible reasons:
#   The system is out of physical RAM or swap space
#   The process is running with CompressedOops enabled, and the Java Heap may be blocking the growth of the native heap
# Possible solutions:
#   Reduce memory load on the system
#   Increase physical memory or swap space
#   Check if swap backing store is full
#   Decrease Java heap size (-Xmx/-Xms)
#   Decrease number of Java threads
#   Decrease Java thread stack sizes (-Xss)
#   Set larger code cache with -XX:ReservedCodeCacheSize=
#   JVM is running with Unscaled Compressed Oops mode in which the Java heap is
#     placed in the first 4GB address space. The Java Heap base address is the
#     maximum limit for the native heap growth. Please use -XX:HeapBaseMinAddress
#     to set the Java Heap base and to place the Java Heap above 4GB virtual address.
# This output file may be truncated or incomplete.
#
#  Out of Memory Error (arena.cpp:184), pid=3484, tid=12200
#
# JRE version: Java(TM) SE Runtime Environment (18.0.2.1+1) (build 18.0.2.1+1-1)
# Java VM: Java HotSpot(TM) 64-Bit Server VM (18.0.2.1+1-1, mixed mode, sharing, tiered, compressed oops, compressed class ptrs, g1 gc, windows-amd64)
# No core dump will be written. Minidumps are not enabled by default on client versions of Windows
#

---------------  S U M M A R Y ------------

Command Line: -Dclassworlds.conf=C:\Program Files\NetBeans-15\netbeans\java\maven\bin\m2.conf -Dmaven.home=C:\Program Files\NetBeans-15\netbeans\java\maven -Dlibrary.jansi.path=C:\Program Files\NetBeans-15\netbeans\java\maven\lib\jansi-native -Dmaven.multiModuleProjectDirectory=D:\NetBeansProjects\projetGL\desktop_java org.codehaus.plexus.classworlds.launcher.Launcher -Dexec.vmArgs= -Dexec.args=${exec.vmArgs} -classpath %classpath ${exec.mainClass} ${exec.appArgs} -Dexec.executable=C:\Program Files\Java\jdk-18.0.2.1\bin\java.exe -Dexec.mainClass=project.java.desktop_java.Archive -Dexec.classpathScope=runtime -Dexec.appArgs= -Dmaven.ext.class.path=C:\Program Files\NetBeans-15\netbeans\java\maven-nblib\netbeans-eventspy.jar org.codehaus.mojo:exec-maven-plugin:3.0.0:exec

Host: Intel(R) Core(TM) i5-6300U CPU @ 2.40GHz, 4 cores, 7G,  Windows 10 , 64 bit Build 19041 (10.0.19041.2251)
Time: Wed Dec  7 21:37:05 2022 Maroc (heure d64 bit Build 19041 (10.0.19041.2251) elapsed time: 2.125691 seconds (0d 0h 0m 2s)

---------------  T H R E A D  ---------------

Current thread (0x000002195e37ef30):  JavaThread "C2 CompilerThread1" daemon [_thread_in_native, id=12200, stack(0x000000fa61700000,0x000000fa61800000)]


Current CompileTask:
C2:   2125  921       4       java.io.InputStreamReader::read (11 bytes)

Stack: [0x000000fa61700000,0x000000fa61800000]
Native frames: (J=compiled Java code, j=interpreted, Vv=VM code, C=native code)
V  [jvm.dll+0x6993aa]
V  [jvm.dll+0x7f46dd]
V  [jvm.dll+0x7f5fee]
V  [jvm.dll+0x7f66a3]
V  [jvm.dll+0x25cf1f]
V  [jvm.dll+0xb8c2f]
V  [jvm.dll+0xb8fa5]
V  [jvm.dll+0x3860cb]
V  [jvm.dll+0x34fe71]
V  [jvm.dll+0x34f30a]
V  [jvm.dll+0x230101]
V  [jvm.dll+0x22f4d1]
V  [jvm.dll+0x1ba01c]
V  [jvm.dll+0x23ee0a]
V  [jvm.dll+0x23d0f5]
V  [jvm.dll+0x7a6dd1]
V  [jvm.dll+0x7a120a]
V  [jvm.dll+0x698255]
C  [ucrtbase.dll+0x21bb2]
C  [KERNEL32.DLL+0x174b4]
C  [ntdll.dll+0x526a1]


---------------  P R O C E S S  ---------------

Threads class SMR info:
_java_thread_list=0x000002195e3a4620, length=13, elements={
0x000002193bf52c20, 0x0000021959811b50, 0x00000219598126c0, 0x000002195982be80,
0x000002195982c730, 0x000002195982cfe0, 0x000002195982d9d0, 0x000002195982e5b0,
0x000002195982fff0, 0x0000021959855180, 0x000002195dc8f440, 0x000002195dc93f90,
0x000002195e37ef30
}

Java Threads: ( => current thread )
  0x000002193bf52c20 JavaThread "main" [_thread_in_Java, id=7268, stack(0x000000fa60100000,0x000000fa60200000)]
  0x0000021959811b50 JavaThread "Reference Handler" daemon [_thread_blocked, id=864, stack(0x000000fa60800000,0x000000fa60900000)]
  0x00000219598126c0 JavaThread "Finalizer" daemon [_thread_blocked, id=14248, stack(0x000000fa60900000,0x000000fa60a00000)]
  0x000002195982be80 JavaThread "Signal Dispatcher" daemon [_thread_blocked, id=1988, stack(0x000000fa60a00000,0x000000fa60b00000)]
  0x000002195982c730 JavaThread "Attach Listener" daemon [_thread_blocked, id=11376, stack(0x000000fa60b00000,0x000000fa60c00000)]
  0x000002195982cfe0 JavaThread "Service Thread" daemon [_thread_blocked, id=11816, stack(0x000000fa60c00000,0x000000fa60d00000)]
  0x000002195982d9d0 JavaThread "Monitor Deflation Thread" daemon [_thread_blocked, id=14428, stack(0x000000fa60d00000,0x000000fa60e00000)]
  0x000002195982e5b0 JavaThread "C2 CompilerThread0" daemon [_thread_in_native, id=14332, stack(0x000000fa60e00000,0x000000fa60f00000)]
  0x000002195982fff0 JavaThread "C1 CompilerThread0" daemon [_thread_blocked, id=2064, stack(0x000000fa60f00000,0x000000fa61000000)]
  0x0000021959855180 JavaThread "Sweeper thread" daemon [_thread_blocked, id=11708, stack(0x000000fa61000000,0x000000fa61100000)]
  0x000002195dc8f440 JavaThread "Notification Thread" daemon [_thread_blocked, id=12656, stack(0x000000fa61100000,0x000000fa61200000)]
  0x000002195dc93f90 JavaThread "Common-Cleaner" daemon [_thread_blocked, id=14804, stack(0x000000fa61300000,0x000000fa61400000)]
=>0x000002195e37ef30 JavaThread "C2 CompilerThread1" daemon [_thread_in_native, id=12200, stack(0x000000fa61700000,0x000000fa61800000)]

Other Threads:
  0x000002193bfd09e0 VMThread "VM Thread" [stack: 0x000000fa60700000,0x000000fa60800000] [id=4396]
  0x000002195dc93d20 WatcherThread "VM Periodic Task Thread" [stack: 0x000000fa61200000,0x000000fa61300000] [id=12552]
  0x000002193bfb1b80 WorkerThread "GC Thread#0" [stack: 0x000000fa60200000,0x000000fa60300000] [id=12692]
  0x000002195e29f070 WorkerThread "GC Thread#1" [stack: 0x000000fa61400000,0x000000fa61500000] [id=14964]
  0x000002195dca64f0 WorkerThread "GC Thread#2" [stack: 0x000000fa61500000,0x000000fa61600000] [id=2428]
  0x000002195e695830 WorkerThread "GC Thread#3" [stack: 0x000000fa61600000,0x000000fa61700000] [id=8500]
  0x000002193bfc4660 ConcurrentGCThread "G1 Main Marker" [stack: 0x000000fa60300000,0x000000fa60400000] [id=1196]
  0x000002193bfc4f60 WorkerThread "G1 Conc#0" [stack: 0x000000fa60400000,0x000000fa60500000] [id=7536]
  0x000002193c0084f0 ConcurrentGCThread "G1 Refine#0" [stack: 0x000000fa60500000,0x000000fa60600000] [id=14516]
  0x000002193c008d10 ConcurrentGCThread "G1 Service" [stack: 0x000000fa60600000,0x000000fa60700000] [id=14664]

Threads with active compile tasks:
C2 CompilerThread0     2199  918   !   4       sun.nio.cs.StreamDecoder::read (196 bytes)
C2 CompilerThread1     2200  921       4       java.io.InputStreamReader::read (11 bytes)

VM state: not at safepoint (normal execution)

VM Mutex/Monitor currently owned by a thread: None

Heap address: 0x0000000081c00000, size: 2020 MB, Compressed Oops mode: 32-bit

CDS archive(s) mapped at: [0x0000000800000000-0x0000000800ba0000-0x0000000800ba0000), size 12189696, SharedBaseAddress: 0x0000000800000000, ArchiveRelocationMode: 0.
Compressed class space mapped at: 0x0000000800c00000-0x0000000840c00000, reserved size: 1073741824
Narrow klass base: 0x0000000800000000, Narrow klass shift: 0, Narrow klass range: 0x100000000

GC Precious Log:
 CardTable entry size: 512
 Card Set container configuration: InlinePtr #cards 5 size 8 Array Of Cards #cards 12 size 40 Howl #buckets 4 coarsen threshold 1843 Howl Bitmap #cards 512 size 80 coarsen threshold 460 Card regions per heap region 1 cards per card region 2048
 CPUs: 4 total, 4 available
 Memory: 8072M
 Large Page Support: Disabled
 NUMA Support: Disabled
 Compressed Oops: Enabled (32-bit)
 Heap Region Size: 1M
 Heap Min Capacity: 8M
 Heap Initial Capacity: 128M
 Heap Max Capacity: 2020M
 Pre-touch: Disabled
 Parallel Workers: 4
 Concurrent Workers: 1
 Concurrent Refinement Workers: 4
 Periodic GC: Disabled

Heap:
 garbage-first heap   total 131072K, used 10283K [0x0000000081c00000, 0x0000000100000000)
  region size 1024K, 10 young (10240K), 2 survivors (2048K)
 Metaspace       used 4731K, committed 4928K, reserved 1114112K
  class space    used 543K, committed 640K, reserved 1048576K

Heap Regions: E=young(eden), S=young(survivor), O=old, HS=humongous(starts), HC=humongous(continues), CS=collection set, F=free, OA=open archive, CA=closed archive, TAMS=top-at-mark-start (previous, next)
|   0|0x0000000081c00000, 0x0000000081d00000, 0x0000000081d00000|100%| O|  |TAMS 0x0000000081c00000, 0x0000000081c00000| Untracked 
|   1|0x0000000081d00000, 0x0000000081d0ac00, 0x0000000081e00000|  4%| O|  |TAMS 0x0000000081d00000, 0x0000000081d00000| Untracked 
|   2|0x0000000081e00000, 0x0000000081e00000, 0x0000000081f00000|  0%| F|  |TAMS 0x0000000081e00000, 0x0000000081e00000| Untracked 
|   3|0x0000000081f00000, 0x0000000081f00000, 0x0000000082000000|  0%| F|  |TAMS 0x0000000081f00000, 0x0000000081f00000| Untracked 
|   4|0x0000000082000000, 0x0000000082000000, 0x0000000082100000|  0%| F|  |TAMS 0x0000000082000000, 0x0000000082000000| Untracked 
|   5|0x0000000082100000, 0x0000000082100000, 0x0000000082200000|  0%| F|  |TAMS 0x0000000082100000, 0x0000000082100000| Untracked 
|   6|0x0000000082200000, 0x0000000082200000, 0x0000000082300000|  0%| F|  |TAMS 0x0000000082200000, 0x0000000082200000| Untracked 
|   7|0x0000000082300000, 0x0000000082300000, 0x0000000082400000|  0%| F|  |TAMS 0x0000000082300000, 0x0000000082300000| Untracked 
|   8|0x0000000082400000, 0x0000000082400000, 0x0000000082500000|  0%| F|  |TAMS 0x0000000082400000, 0x0000000082400000| Untracked 
|   9|0x0000000082500000, 0x0000000082500000, 0x0000000082600000|  0%| F|  |TAMS 0x0000000082500000, 0x0000000082500000| Untracked 
|  10|0x0000000082600000, 0x0000000082600000, 0x0000000082700000|  0%| F|  |TAMS 0x0000000082600000, 0x0000000082600000| Untracked 
|  11|0x0000000082700000, 0x0000000082700000, 0x0000000082800000|  0%| F|  |TAMS 0x0000000082700000, 0x0000000082700000| Untracked 
|  12|0x0000000082800000, 0x0000000082800000, 0x0000000082900000|  0%| F|  |TAMS 0x0000000082800000, 0x0000000082800000| Untracked 
|  13|0x0000000082900000, 0x0000000082900000, 0x0000000082a00000|  0%| F|  |TAMS 0x0000000082900000, 0x0000000082900000| Untracked 
|  14|0x0000000082a00000, 0x0000000082a00000, 0x0000000082b00000|  0%| F|  |TAMS 0x0000000082a00000, 0x0000000082a00000| Untracked 
|  15|0x0000000082b00000, 0x0000000082b00000, 0x0000000082c00000|  0%| F|  |TAMS 0x0000000082b00000, 0x0000000082b00000| Untracked 
|  16|0x0000000082c00000, 0x0000000082c00000, 0x0000000082d00000|  0%| F|  |TAMS 0x0000000082c00000, 0x0000000082c00000| Untracked 
|  17|0x0000000082d00000, 0x0000000082d00000, 0x0000000082e00000|  0%| F|  |TAMS 0x0000000082d00000, 0x0000000082d00000| Untracked 
|  18|0x0000000082e00000, 0x0000000082e00000, 0x0000000082f00000|  0%| F|  |TAMS 0x0000000082e00000, 0x0000000082e00000| Untracked 
|  19|0x0000000082f00000, 0x0000000082f00000, 0x0000000083000000|  0%| F|  |TAMS 0x0000000082f00000, 0x0000000082f00000| Untracked 
|  20|0x0000000083000000, 0x0000000083000000, 0x0000000083100000|  0%| F|  |TAMS 0x0000000083000000, 0x0000000083000000| Untracked 
|  21|0x0000000083100000, 0x0000000083100000, 0x0000000083200000|  0%| F|  |TAMS 0x0000000083100000, 0x0000000083100000| Untracked 
|  22|0x0000000083200000, 0x0000000083200000, 0x0000000083300000|  0%| F|  |TAMS 0x0000000083200000, 0x0000000083200000| Untracked 
|  23|0x0000000083300000, 0x0000000083300000, 0x0000000083400000|  0%| F|  |TAMS 0x0000000083300000, 0x0000000083300000| Untracked 
|  24|0x0000000083400000, 0x0000000083400000, 0x0000000083500000|  0%| F|  |TAMS 0x0000000083400000, 0x0000000083400000| Untracked 
|  25|0x0000000083500000, 0x0000000083500000, 0x0000000083600000|  0%| F|  |TAMS 0x0000000083500000, 0x0000000083500000| Untracked 
|  26|0x0000000083600000, 0x0000000083600000, 0x0000000083700000|  0%| F|  |TAMS 0x0000000083600000, 0x0000000083600000| Untracked 
|  27|0x0000000083700000, 0x0000000083700000, 0x0000000083800000|  0%| F|  |TAMS 0x0000000083700000, 0x0000000083700000| Untracked 
|  28|0x0000000083800000, 0x0000000083800000, 0x0000000083900000|  0%| F|  |TAMS 0x0000000083800000, 0x0000000083800000| Untracked 
|  29|0x0000000083900000, 0x0000000083900000, 0x0000000083a00000|  0%| F|  |TAMS 0x0000000083900000, 0x0000000083900000| Untracked 
|  30|0x0000000083a00000, 0x0000000083a00000, 0x0000000083b00000|  0%| F|  |TAMS 0x0000000083a00000, 0x0000000083a00000| Untracked 
|  31|0x0000000083b00000, 0x0000000083b00000, 0x0000000083c00000|  0%| F|  |TAMS 0x0000000083b00000, 0x0000000083b00000| Untracked 
|  32|0x0000000083c00000, 0x0000000083c00000, 0x0000000083d00000|  0%| F|  |TAMS 0x0000000083c00000, 0x0000000083c00000| Untracked 
|  33|0x0000000083d00000, 0x0000000083d00000, 0x0000000083e00000|  0%| F|  |TAMS 0x0000000083d00000, 0x0000000083d00000| Untracked 
|  34|0x0000000083e00000, 0x0000000083e00000, 0x0000000083f00000|  0%| F|  |TAMS 0x0000000083e00000, 0x0000000083e00000| Untracked 
|  35|0x0000000083f00000, 0x0000000083f00000, 0x0000000084000000|  0%| F|  |TAMS 0x0000000083f00000, 0x0000000083f00000| Untracked 
|  36|0x0000000084000000, 0x0000000084000000, 0x0000000084100000|  0%| F|  |TAMS 0x0000000084000000, 0x0000000084000000| Untracked 
|  37|0x0000000084100000, 0x0000000084100000, 0x0000000084200000|  0%| F|  |TAMS 0x0000000084100000, 0x0000000084100000| Untracked 
|  38|0x0000000084200000, 0x0000000084200000, 0x0000000084300000|  0%| F|  |TAMS 0x0000000084200000, 0x0000000084200000| Untracked 
|  39|0x0000000084300000, 0x0000000084300000, 0x0000000084400000|  0%| F|  |TAMS 0x0000000084300000, 0x0000000084300000| Untracked 
|  40|0x0000000084400000, 0x0000000084400000, 0x0000000084500000|  0%| F|  |TAMS 0x0000000084400000, 0x0000000084400000| Untracked 
|  41|0x0000000084500000, 0x0000000084500000, 0x0000000084600000|  0%| F|  |TAMS 0x0000000084500000, 0x0000000084500000| Untracked 
|  42|0x0000000084600000, 0x0000000084600000, 0x0000000084700000|  0%| F|  |TAMS 0x0000000084600000, 0x0000000084600000| Untracked 
|  43|0x0000000084700000, 0x0000000084700000, 0x0000000084800000|  0%| F|  |TAMS 0x0000000084700000, 0x0000000084700000| Untracked 
|  44|0x0000000084800000, 0x0000000084800000, 0x0000000084900000|  0%| F|  |TAMS 0x0000000084800000, 0x0000000084800000| Untracked 
|  45|0x0000000084900000, 0x0000000084900000, 0x0000000084a00000|  0%| F|  |TAMS 0x0000000084900000, 0x0000000084900000| Untracked 
|  46|0x0000000084a00000, 0x0000000084a00000, 0x0000000084b00000|  0%| F|  |TAMS 0x0000000084a00000, 0x0000000084a00000| Untracked 
|  47|0x0000000084b00000, 0x0000000084b00000, 0x0000000084c00000|  0%| F|  |TAMS 0x0000000084b00000, 0x0000000084b00000| Untracked 
|  48|0x0000000084c00000, 0x0000000084c00000, 0x0000000084d00000|  0%| F|  |TAMS 0x0000000084c00000, 0x0000000084c00000| Untracked 
|  49|0x0000000084d00000, 0x0000000084d00000, 0x0000000084e00000|  0%| F|  |TAMS 0x0000000084d00000, 0x0000000084d00000| Untracked 
|  50|0x0000000084e00000, 0x0000000084e00000, 0x0000000084f00000|  0%| F|  |TAMS 0x0000000084e00000, 0x0000000084e00000| Untracked 
|  51|0x0000000084f00000, 0x0000000084f00000, 0x0000000085000000|  0%| F|  |TAMS 0x0000000084f00000, 0x0000000084f00000| Untracked 
|  52|0x0000000085000000, 0x0000000085000000, 0x0000000085100000|  0%| F|  |TAMS 0x0000000085000000, 0x0000000085000000| Untracked 
|  53|0x0000000085100000, 0x0000000085100000, 0x0000000085200000|  0%| F|  |TAMS 0x0000000085100000, 0x0000000085100000| Untracked 
|  54|0x0000000085200000, 0x0000000085200000, 0x0000000085300000|  0%| F|  |TAMS 0x0000000085200000, 0x0000000085200000| Untracked 
|  55|0x0000000085300000, 0x0000000085300000, 0x0000000085400000|  0%| F|  |TAMS 0x0000000085300000, 0x0000000085300000| Untracked 
|  56|0x0000000085400000, 0x0000000085400000, 0x0000000085500000|  0%| F|  |TAMS 0x0000000085400000, 0x0000000085400000| Untracked 
|  57|0x0000000085500000, 0x0000000085500000, 0x0000000085600000|  0%| F|  |TAMS 0x0000000085500000, 0x0000000085500000| Untracked 
|  58|0x0000000085600000, 0x0000000085600000, 0x0000000085700000|  0%| F|  |TAMS 0x0000000085600000, 0x0000000085600000| Untracked 
|  59|0x0000000085700000, 0x0000000085700000, 0x0000000085800000|  0%| F|  |TAMS 0x0000000085700000, 0x0000000085700000| Untracked 
|  60|0x0000000085800000, 0x0000000085800000, 0x0000000085900000|  0%| F|  |TAMS 0x0000000085800000, 0x0000000085800000| Untracked 
|  61|0x0000000085900000, 0x0000000085900000, 0x0000000085a00000|  0%| F|  |TAMS 0x0000000085900000, 0x0000000085900000| Untracked 
|  62|0x0000000085a00000, 0x0000000085a00000, 0x0000000085b00000|  0%| F|  |TAMS 0x0000000085a00000, 0x0000000085a00000| Untracked 
|  63|0x0000000085b00000, 0x0000000085b00000, 0x0000000085c00000|  0%| F|  |TAMS 0x0000000085b00000, 0x0000000085b00000| Untracked 
|  64|0x0000000085c00000, 0x0000000085c00000, 0x0000000085d00000|  0%| F|  |TAMS 0x0000000085c00000, 0x0000000085c00000| Untracked 
|  65|0x0000000085d00000, 0x0000000085d00000, 0x0000000085e00000|  0%| F|  |TAMS 0x0000000085d00000, 0x0000000085d00000| Untracked 
|  66|0x0000000085e00000, 0x0000000085e00000, 0x0000000085f00000|  0%| F|  |TAMS 0x0000000085e00000, 0x0000000085e00000| Untracked 
|  67|0x0000000085f00000, 0x0000000085f00000, 0x0000000086000000|  0%| F|  |TAMS 0x0000000085f00000, 0x0000000085f00000| Untracked 
|  68|0x0000000086000000, 0x0000000086000000, 0x0000000086100000|  0%| F|  |TAMS 0x0000000086000000, 0x0000000086000000| Untracked 
|  69|0x0000000086100000, 0x0000000086100000, 0x0000000086200000|  0%| F|  |TAMS 0x0000000086100000, 0x0000000086100000| Untracked 
|  70|0x0000000086200000, 0x0000000086200000, 0x0000000086300000|  0%| F|  |TAMS 0x0000000086200000, 0x0000000086200000| Untracked 
|  71|0x0000000086300000, 0x0000000086300000, 0x0000000086400000|  0%| F|  |TAMS 0x0000000086300000, 0x0000000086300000| Untracked 
|  72|0x0000000086400000, 0x0000000086400000, 0x0000000086500000|  0%| F|  |TAMS 0x0000000086400000, 0x0000000086400000| Untracked 
|  73|0x0000000086500000, 0x0000000086500000, 0x0000000086600000|  0%| F|  |TAMS 0x0000000086500000, 0x0000000086500000| Untracked 
|  74|0x0000000086600000, 0x0000000086600000, 0x0000000086700000|  0%| F|  |TAMS 0x0000000086600000, 0x0000000086600000| Untracked 
|  75|0x0000000086700000, 0x0000000086700000, 0x0000000086800000|  0%| F|  |TAMS 0x0000000086700000, 0x0000000086700000| Untracked 
|  76|0x0000000086800000, 0x0000000086800000, 0x0000000086900000|  0%| F|  |TAMS 0x0000000086800000, 0x0000000086800000| Untracked 
|  77|0x0000000086900000, 0x0000000086900000, 0x0000000086a00000|  0%| F|  |TAMS 0x0000000086900000, 0x0000000086900000| Untracked 
|  78|0x0000000086a00000, 0x0000000086a00000, 0x0000000086b00000|  0%| F|  |TAMS 0x0000000086a00000, 0x0000000086a00000| Untracked 
|  79|0x0000000086b00000, 0x0000000086b00000, 0x0000000086c00000|  0%| F|  |TAMS 0x0000000086b00000, 0x0000000086b00000| Untracked 
|  80|0x0000000086c00000, 0x0000000086c00000, 0x0000000086d00000|  0%| F|  |TAMS 0x0000000086c00000, 0x0000000086c00000| Untracked 
|  81|0x0000000086d00000, 0x0000000086d00000, 0x0000000086e00000|  0%| F|  |TAMS 0x0000000086d00000, 0x0000000086d00000| Untracked 
|  82|0x0000000086e00000, 0x0000000086e00000, 0x0000000086f00000|  0%| F|  |TAMS 0x0000000086e00000, 0x0000000086e00000| Untracked 
|  83|0x0000000086f00000, 0x0000000086f00000, 0x0000000087000000|  0%| F|  |TAMS 0x0000000086f00000, 0x0000000086f00000| Untracked 
|  84|0x0000000087000000, 0x0000000087000000, 0x0000000087100000|  0%| F|  |TAMS 0x0000000087000000, 0x0000000087000000| Untracked 
|  85|0x0000000087100000, 0x0000000087100000, 0x0000000087200000|  0%| F|  |TAMS 0x0000000087100000, 0x0000000087100000| Untracked 
|  86|0x0000000087200000, 0x0000000087200000, 0x0000000087300000|  0%| F|  |TAMS 0x0000000087200000, 0x0000000087200000| Untracked 
|  87|0x0000000087300000, 0x0000000087300000, 0x0000000087400000|  0%| F|  |TAMS 0x0000000087300000, 0x0000000087300000| Untracked 
|  88|0x0000000087400000, 0x0000000087400000, 0x0000000087500000|  0%| F|  |TAMS 0x0000000087400000, 0x0000000087400000| Untracked 
|  89|0x0000000087500000, 0x0000000087500000, 0x0000000087600000|  0%| F|  |TAMS 0x0000000087500000, 0x0000000087500000| Untracked 
|  90|0x0000000087600000, 0x0000000087600000, 0x0000000087700000|  0%| F|  |TAMS 0x0000000087600000, 0x0000000087600000| Untracked 
|  91|0x0000000087700000, 0x0000000087700000, 0x0000000087800000|  0%| F|  |TAMS 0x0000000087700000, 0x0000000087700000| Untracked 
|  92|0x0000000087800000, 0x0000000087800000, 0x0000000087900000|  0%| F|  |TAMS 0x0000000087800000, 0x0000000087800000| Untracked 
|  93|0x0000000087900000, 0x0000000087900000, 0x0000000087a00000|  0%| F|  |TAMS 0x0000000087900000, 0x0000000087900000| Untracked 
|  94|0x0000000087a00000, 0x0000000087a00000, 0x0000000087b00000|  0%| F|  |TAMS 0x0000000087a00000, 0x0000000087a00000| Untracked 
|  95|0x0000000087b00000, 0x0000000087b00000, 0x0000000087c00000|  0%| F|  |TAMS 0x0000000087b00000, 0x0000000087b00000| Untracked 
|  96|0x0000000087c00000, 0x0000000087c00000, 0x0000000087d00000|  0%| F|  |TAMS 0x0000000087c00000, 0x0000000087c00000| Untracked 
|  97|0x0000000087d00000, 0x0000000087d00000, 0x0000000087e00000|  0%| F|  |TAMS 0x0000000087d00000, 0x0000000087d00000| Untracked 
|  98|0x0000000087e00000, 0x0000000087e00000, 0x0000000087f00000|  0%| F|  |TAMS 0x0000000087e00000, 0x0000000087e00000| Untracked 
|  99|0x0000000087f00000, 0x0000000087f00000, 0x0000000088000000|  0%| F|  |TAMS 0x0000000087f00000, 0x0000000087f00000| Untracked 
| 100|0x0000000088000000, 0x0000000088000000, 0x0000000088100000|  0%| F|  |TAMS 0x0000000088000000, 0x0000000088000000| Untracked 
| 101|0x0000000088100000, 0x0000000088100000, 0x0000000088200000|  0%| F|  |TAMS 0x0000000088100000, 0x0000000088100000| Untracked 
| 102|0x0000000088200000, 0x0000000088200000, 0x0000000088300000|  0%| F|  |TAMS 0x0000000088200000, 0x0000000088200000| Untracked 
| 103|0x0000000088300000, 0x0000000088300000, 0x0000000088400000|  0%| F|  |TAMS 0x0000000088300000, 0x0000000088300000| Untracked 
| 104|0x0000000088400000, 0x0000000088400000, 0x0000000088500000|  0%| F|  |TAMS 0x0000000088400000, 0x0000000088400000| Untracked 
| 105|0x0000000088500000, 0x0000000088500000, 0x0000000088600000|  0%| F|  |TAMS 0x0000000088500000, 0x0000000088500000| Untracked 
| 106|0x0000000088600000, 0x0000000088600000, 0x0000000088700000|  0%| F|  |TAMS 0x0000000088600000, 0x0000000088600000| Untracked 
| 107|0x0000000088700000, 0x0000000088700000, 0x0000000088800000|  0%| F|  |TAMS 0x0000000088700000, 0x0000000088700000| Untracked 
| 108|0x0000000088800000, 0x0000000088800000, 0x0000000088900000|  0%| F|  |TAMS 0x0000000088800000, 0x0000000088800000| Untracked 
| 109|0x0000000088900000, 0x0000000088900000, 0x0000000088a00000|  0%| F|  |TAMS 0x0000000088900000, 0x0000000088900000| Untracked 
| 110|0x0000000088a00000, 0x0000000088a00000, 0x0000000088b00000|  0%| F|  |TAMS 0x0000000088a00000, 0x0000000088a00000| Untracked 
| 111|0x0000000088b00000, 0x0000000088b00000, 0x0000000088c00000|  0%| F|  |TAMS 0x0000000088b00000, 0x0000000088b00000| Untracked 
| 112|0x0000000088c00000, 0x0000000088c00000, 0x0000000088d00000|  0%| F|  |TAMS 0x0000000088c00000, 0x0000000088c00000| Untracked 
| 113|0x0000000088d00000, 0x0000000088e00000, 0x0000000088e00000|100%| S|CS|TAMS 0x0000000088d00000, 0x0000000088d00000| Complete 
| 114|0x0000000088e00000, 0x0000000088f00000, 0x0000000088f00000|100%| S|CS|TAMS 0x0000000088e00000, 0x0000000088e00000| Complete 
| 115|0x0000000088f00000, 0x0000000088f00000, 0x0000000089000000|  0%| F|  |TAMS 0x0000000088f00000, 0x0000000088f00000| Untracked 
| 116|0x0000000089000000, 0x0000000089000000, 0x0000000089100000|  0%| F|  |TAMS 0x0000000089000000, 0x0000000089000000| Untracked 
| 117|0x0000000089100000, 0x0000000089100000, 0x0000000089200000|  0%| F|  |TAMS 0x0000000089100000, 0x0000000089100000| Untracked 
| 118|0x0000000089200000, 0x0000000089200000, 0x0000000089300000|  0%| F|  |TAMS 0x0000000089200000, 0x0000000089200000| Untracked 
| 119|0x0000000089300000, 0x0000000089337a48, 0x0000000089400000| 21%| E|  |TAMS 0x0000000089300000, 0x0000000089300000| Complete 
| 120|0x0000000089400000, 0x0000000089500000, 0x0000000089500000|100%| E|CS|TAMS 0x0000000089400000, 0x0000000089400000| Complete 
| 121|0x0000000089500000, 0x0000000089600000, 0x0000000089600000|100%| E|CS|TAMS 0x0000000089500000, 0x0000000089500000| Complete 
| 122|0x0000000089600000, 0x0000000089700000, 0x0000000089700000|100%| E|CS|TAMS 0x0000000089600000, 0x0000000089600000| Complete 
| 123|0x0000000089700000, 0x0000000089800000, 0x0000000089800000|100%| E|CS|TAMS 0x0000000089700000, 0x0000000089700000| Complete 
| 124|0x0000000089800000, 0x0000000089900000, 0x0000000089900000|100%| E|CS|TAMS 0x0000000089800000, 0x0000000089800000| Complete 
| 125|0x0000000089900000, 0x0000000089a00000, 0x0000000089a00000|100%| E|CS|TAMS 0x0000000089900000, 0x0000000089900000| Complete 
| 126|0x0000000089a00000, 0x0000000089b00000, 0x0000000089b00000|100%| E|CS|TAMS 0x0000000089a00000, 0x0000000089a00000| Complete 
| 127|0x0000000089b00000, 0x0000000089c00000, 0x0000000089c00000|100%| E|CS|TAMS 0x0000000089b00000, 0x0000000089b00000| Complete 

Card table byte_map: [0x0000021952c90000,0x0000021953090000] _byte_map_base: 0x0000021952882000

Marking Bits (Prev, Next): (CMBitMap*) 0x000002193bfb40b0, (CMBitMap*) 0x000002193bfb40f0
 Prev Bits: [0x0000021953490000, 0x0000021955420000)
 Next Bits: [0x0000021955420000, 0x00000219573b0000)

Polling page: 0x000002193b720000

Metaspace:

Usage:
  Non-class:      4.12 MB used.
      Class:    547.38 KB used.
       Both:      4.65 MB used.

Virtual space:
  Non-class space:       64.00 MB reserved,       4.25 MB (  7%) committed,  1 nodes.
      Class space:        1.00 GB reserved,     640.00 KB ( <1%) committed,  1 nodes.
             Both:        1.06 GB reserved,       4.88 MB ( <1%) committed. 

Chunk freelists:
   Non-Class:  1.42 MB
       Class:  3.33 MB
        Both:  4.75 MB

MaxMetaspaceSize: unlimited
CompressedClassSpaceSize: 1.00 GB
Initial GC threshold: 21.00 MB
Current GC threshold: 21.00 MB
CDS: on
MetaspaceReclaimPolicy: balanced
 - commit_granule_bytes: 65536.
 - commit_granule_words: 8192.
 - virtual_space_node_default_size: 8388608.
 - enlarge_chunks_in_place: 1.
 - new_chunks_are_fully_committed: 0.
 - uncommit_free_chunks: 1.
 - use_allocation_guard: 0.


Internal statistics:

num_allocs_failed_limit: 0.
num_arena_births: 34.
num_arena_deaths: 0.
num_vsnodes_births: 2.
num_vsnodes_deaths: 0.
num_space_committed: 78.
num_space_uncommitted: 0.
num_chunks_returned_to_freelist: 0.
num_chunks_taken_from_freelist: 162.
num_chunk_merges: 0.
num_chunk_splits: 119.
num_chunks_enlarged: 102.
num_inconsistent_stats: 0.

CodeHeap 'non-profiled nmethods': size=120000Kb used=262Kb max_used=262Kb free=119737Kb
 bounds [0x000002194b360000, 0x000002194b5d0000, 0x0000021952890000]
CodeHeap 'profiled nmethods': size=120000Kb used=1929Kb max_used=1929Kb free=118070Kb
 bounds [0x0000021943e30000, 0x00000219440a0000, 0x000002194b360000]
CodeHeap 'non-nmethods': size=5760Kb used=1158Kb max_used=1175Kb free=4601Kb
 bounds [0x0000021943890000, 0x0000021943b00000, 0x0000021943e30000]
 total_blobs=1380 nmethods=945 adapters=348
 compilation: enabled
              stopped_count=0, restarted_count=0
 full_count=0

Compilation events (20 events):
Event: 2.091 Thread 0x000002195982fff0  938       3       org.codehaus.plexus.util.xml.pull.MXParser::isWhitespace (116 bytes)
Event: 2.092 Thread 0x000002195982fff0 nmethod 938 0x0000021944004810 code [0x0000021944004a40, 0x00000219440052e8]
Event: 2.092 Thread 0x000002195982fff0  942       3       org.codehaus.plexus.util.xml.pull.MXParser::nextTag (82 bytes)
Event: 2.093 Thread 0x000002195982fff0 nmethod 942 0x0000021944005510 code [0x00000219440057a0, 0x0000021944006188]
Event: 2.093 Thread 0x000002195982fff0  940       3       org.codehaus.plexus.util.xml.pull.MXParser::newString (11 bytes)
Event: 2.094 Thread 0x000002195982fff0 nmethod 940 0x0000021944006510 code [0x00000219440066c0, 0x0000021944006868]
Event: 2.094 Thread 0x000002195982fff0  939       3       java.util.HashMap::isEmpty (13 bytes)
Event: 2.094 Thread 0x000002195982fff0 nmethod 939 0x0000021944006990 code [0x0000021944006b20, 0x0000021944006c98]
Event: 2.094 Thread 0x000002195982fff0  941       3       org.codehaus.plexus.util.xml.pull.MXParser::getText (125 bytes)
Event: 2.095 Thread 0x000002195982fff0 nmethod 941 0x0000021944006d10 code [0x0000021944006ee0, 0x0000021944007438]
Event: 2.097 Thread 0x000002195982fff0  946       3       org.codehaus.plexus.util.xml.pull.MXParser::ensureElementsCapacity (265 bytes)
Event: 2.099 Thread 0x000002195982fff0 nmethod 946 0x0000021944007510 code [0x0000021944007780, 0x0000021944008868]
Event: 2.104 Thread 0x000002195982fff0  947       3       org.eclipse.sisu.plexus.PlexusXmlScanner::TEXT (10 bytes)
Event: 2.105 Thread 0x000002195982fff0 nmethod 947 0x0000021944008b90 code [0x0000021944008d80, 0x0000021944009128]
Event: 2.105 Thread 0x000002195982fff0  948       3       org.codehaus.plexus.util.xml.pull.MXParser::nextText (103 bytes)
Event: 2.107 Thread 0x000002195982fff0 nmethod 948 0x0000021944009310 code [0x00000219440095e0, 0x000002194400a1c8]
Event: 2.111 Thread 0x000002195982fff0  949       3       java.lang.String::<init> (830 bytes)
Event: 2.118 Thread 0x000002195982fff0 nmethod 949 0x000002194400a610 code [0x000002194400ab00, 0x000002194400d948]
Event: 2.118 Thread 0x000002195982fff0  950       3       java.lang.Character::isHighSurrogate (18 bytes)
Event: 2.119 Thread 0x000002195982fff0 nmethod 950 0x000002194400e590 code [0x000002194400e720, 0x000002194400e8b8]

GC Heap History (2 events):
Event: 1.827 GC heap before
{Heap before GC invocations=0 (full 0):
 garbage-first heap   total 131072K, used 13312K [0x0000000081c00000, 0x0000000100000000)
  region size 1024K, 13 young (13312K), 0 survivors (0K)
 Metaspace       used 3745K, committed 3968K, reserved 1114112K
  class space    used 403K, committed 512K, reserved 1048576K
}
Event: 1.837 GC heap after
{Heap after GC invocations=1 (full 0):
 garbage-first heap   total 131072K, used 3115K [0x0000000081c00000, 0x0000000100000000)
  region size 1024K, 2 young (2048K), 2 survivors (2048K)
 Metaspace       used 3745K, committed 3968K, reserved 1114112K
  class space    used 403K, committed 512K, reserved 1048576K
}

Deoptimization events (20 events):
Event: 2.015 Thread 0x000002193bf52c20 DEOPT PACKING pc=0x000002194b380bb4 sp=0x000000fa601fe510
Event: 2.015 Thread 0x000002193bf52c20 DEOPT UNPACKING pc=0x00000219438e23a3 sp=0x000000fa601fe4a0 mode 2
Event: 2.034 Thread 0x000002193bf52c20 Uncommon trap: trap_request=0xffffffde fr.pc=0x000002194b3a08c8 relative=0x0000000000000128
Event: 2.034 Thread 0x000002193bf52c20 Uncommon trap: reason=class_check action=maybe_recompile pc=0x000002194b3a08c8 method=jdk.internal.misc.Unsafe.allocateUninitializedArray(Ljava/lang/Class;I)Ljava/lang/Object; @ 51 c2
Event: 2.034 Thread 0x000002193bf52c20 DEOPT PACKING pc=0x000002194b3a08c8 sp=0x000000fa601fdf40
Event: 2.034 Thread 0x000002193bf52c20 DEOPT UNPACKING pc=0x00000219438e23a3 sp=0x000000fa601fdec8 mode 2
Event: 2.034 Thread 0x000002193bf52c20 Uncommon trap: trap_request=0xffffffde fr.pc=0x000002194b3a08c8 relative=0x0000000000000128
Event: 2.034 Thread 0x000002193bf52c20 Uncommon trap: reason=class_check action=maybe_recompile pc=0x000002194b3a08c8 method=jdk.internal.misc.Unsafe.allocateUninitializedArray(Ljava/lang/Class;I)Ljava/lang/Object; @ 51 c2
Event: 2.034 Thread 0x000002193bf52c20 DEOPT PACKING pc=0x000002194b3a08c8 sp=0x000000fa601fdfe0
Event: 2.034 Thread 0x000002193bf52c20 DEOPT UNPACKING pc=0x00000219438e23a3 sp=0x000000fa601fdf68 mode 2
Event: 2.034 Thread 0x000002193bf52c20 Uncommon trap: trap_request=0xffffffde fr.pc=0x000002194b3a08c8 relative=0x0000000000000128
Event: 2.034 Thread 0x000002193bf52c20 Uncommon trap: reason=class_check action=maybe_recompile pc=0x000002194b3a08c8 method=jdk.internal.misc.Unsafe.allocateUninitializedArray(Ljava/lang/Class;I)Ljava/lang/Object; @ 51 c2
Event: 2.034 Thread 0x000002193bf52c20 DEOPT PACKING pc=0x000002194b3a08c8 sp=0x000000fa601fdf40
Event: 2.034 Thread 0x000002193bf52c20 DEOPT UNPACKING pc=0x00000219438e23a3 sp=0x000000fa601fdec8 mode 2
Event: 2.035 Thread 0x000002193bf52c20 Uncommon trap: trap_request=0xffffffde fr.pc=0x000002194b3a08c8 relative=0x0000000000000128
Event: 2.035 Thread 0x000002193bf52c20 Uncommon trap: reason=class_check action=maybe_recompile pc=0x000002194b3a08c8 method=jdk.internal.misc.Unsafe.allocateUninitializedArray(Ljava/lang/Class;I)Ljava/lang/Object; @ 51 c2
Event: 2.035 Thread 0x000002193bf52c20 DEOPT PACKING pc=0x000002194b3a08c8 sp=0x000000fa601fdfe0
Event: 2.035 Thread 0x000002193bf52c20 DEOPT UNPACKING pc=0x00000219438e23a3 sp=0x000000fa601fdf68 mode 2
Event: 2.112 Thread 0x000002193bf52c20 DEOPT PACKING pc=0x0000021943e71aa6 sp=0x000000fa601fe260
Event: 2.112 Thread 0x000002193bf52c20 DEOPT UNPACKING pc=0x00000219438e2b43 sp=0x000000fa601fd730 mode 0

Classes loaded (20 events):
Event: 1.953 Loading class sun/reflect/generics/repository/AbstractRepository
Event: 1.953 Loading class sun/reflect/generics/repository/AbstractRepository done
Event: 1.953 Loading class sun/reflect/generics/repository/GenericDeclRepository done
Event: 1.953 Loading class sun/reflect/generics/repository/ClassRepository done
Event: 1.953 Loading class sun/reflect/generics/tree/FormalTypeParameter
Event: 1.953 Loading class sun/reflect/generics/tree/FormalTypeParameter done
Event: 1.953 Loading class sun/reflect/generics/tree/ClassSignature
Event: 1.953 Loading class sun/reflect/generics/tree/Signature
Event: 1.953 Loading class sun/reflect/generics/tree/Signature done
Event: 1.953 Loading class sun/reflect/generics/tree/ClassSignature done
Event: 1.954 Loading class java/lang/reflect/TypeVariable
Event: 1.954 Loading class java/lang/reflect/TypeVariable done
Event: 1.954 Loading class java/lang/reflect/WildcardType
Event: 1.954 Loading class java/lang/reflect/WildcardType done
Event: 1.958 Loading class sun/reflect/generics/tree/TypeVariableSignature
Event: 1.958 Loading class sun/reflect/generics/tree/TypeVariableSignature done
Event: 1.981 Loading class java/lang/annotation/IncompleteAnnotationException
Event: 1.981 Loading class java/lang/annotation/IncompleteAnnotationException done
Event: 2.122 Loading class jdk/internal/access/foreign/MemorySegmentProxy
Event: 2.122 Loading class jdk/internal/access/foreign/MemorySegmentProxy done

Classes unloaded (0 events):
No events

Classes redefined (0 events):
No events

Internal exceptions (12 events):
Event: 0.704 Thread 0x000002193bf52c20 Exception <a 'java/lang/NoSuchMethodError'{0x0000000089837ea0}: 'java.lang.Object java.lang.invoke.Invokers$Holder.invokeExact_MT(java.lang.Object, java.lang.Object, java.lang.Object, java.lang.Object, java.lang.Object)'> (0x0000000089837ea0) 
thrown [s\open\src\hotspot\share\interpreter\linkResolver.cpp, line 759]
Event: 0.747 Thread 0x000002193bf52c20 Exception <a 'java/lang/NullPointerException'{0x0000000089891b48}> (0x0000000089891b48) 
thrown [s\open\src\hotspot\share\interpreter\linkResolver.cpp, line 1350]
Event: 0.802 Thread 0x000002193bf52c20 Exception <a 'java/lang/NullPointerException'{0x00000000898bd308}> (0x00000000898bd308) 
thrown [s\open\src\hotspot\share\interpreter\linkResolver.cpp, line 1350]
Event: 0.802 Thread 0x000002193bf52c20 Exception <a 'java/lang/NullPointerException'{0x00000000898bd5e0}> (0x00000000898bd5e0) 
thrown [s\open\src\hotspot\share\interpreter\linkResolver.cpp, line 1350]
Event: 0.802 Thread 0x000002193bf52c20 Exception <a 'java/lang/NullPointerException'{0x00000000898bd8b8}> (0x00000000898bd8b8) 
thrown [s\open\src\hotspot\share\interpreter\linkResolver.cpp, line 1350]
Event: 0.805 Thread 0x000002193bf52c20 Exception <a 'java/lang/NullPointerException'{0x00000000898c2ac8}> (0x00000000898c2ac8) 
thrown [s\open\src\hotspot\share\interpreter\linkResolver.cpp, line 1350]
Event: 0.815 Thread 0x000002193bf52c20 Exception <a 'java/lang/NullPointerException'{0x00000000898d78e8}> (0x00000000898d78e8) 
thrown [s\open\src\hotspot\share\interpreter\linkResolver.cpp, line 1350]
Event: 0.815 Thread 0x000002193bf52c20 Exception <a 'java/lang/NullPointerException'{0x00000000898d7bc0}> (0x00000000898d7bc0) 
thrown [s\open\src\hotspot\share\interpreter\linkResolver.cpp, line 1350]
Event: 0.816 Thread 0x000002193bf52c20 Exception <a 'java/lang/NullPointerException'{0x00000000898d7e98}> (0x00000000898d7e98) 
thrown [s\open\src\hotspot\share\interpreter\linkResolver.cpp, line 1350]
Event: 0.816 Thread 0x000002193bf52c20 Exception <a 'java/lang/NullPointerException'{0x00000000898d8170}> (0x00000000898d8170) 
thrown [s\open\src\hotspot\share\interpreter\linkResolver.cpp, line 1350]
Event: 1.891 Thread 0x000002193bf52c20 Exception <a 'java/lang/NoSuchMethodError'{0x0000000089b90828}: 'java.lang.Object java.lang.invoke.DirectMethodHandle$Holder.newInvokeSpecial(java.lang.Object, java.lang.Object, java.lang.Object, java.lang.Object, java.lang.Object)'> (0x0000000089b90828) 
thrown [s\open\src\hotspot\share\interpreter\linkResolver.cpp, line 759]
Event: 1.982 Thread 0x000002193bf52c20 Exception <a 'java/lang/NoClassDefFoundError'{0x0000000089affaa0}: javax/enterprise/inject/Typed> (0x0000000089affaa0) 
thrown [s\open\src\hotspot\share\classfile\systemDictionary.cpp, line 244]

VM Operations (12 events):
Event: 0.182 Executing VM operation: HandshakeAllThreads
Event: 0.182 Executing VM operation: HandshakeAllThreads done
Event: 0.742 Executing VM operation: HandshakeAllThreads
Event: 0.742 Executing VM operation: HandshakeAllThreads done
Event: 0.774 Executing VM operation: HandshakeAllThreads
Event: 0.774 Executing VM operation: HandshakeAllThreads done
Event: 1.255 Executing VM operation: HandshakeAllThreads
Event: 1.255 Executing VM operation: HandshakeAllThreads done
Event: 1.255 Executing VM operation: Cleanup
Event: 1.255 Executing VM operation: Cleanup done
Event: 1.827 Executing VM operation: G1CollectForAllocation
Event: 1.838 Executing VM operation: G1CollectForAllocation done

Events (20 events):
Event: 0.047 Loaded shared library C:\Program Files\Java\jdk-18.0.2.1\bin\jsvml.dll
Event: 0.048 Thread 0x000002193bf52c20 Thread added: 0x000002193bf52c20
Event: 0.055 Thread 0x0000021959811b50 Thread added: 0x0000021959811b50
Event: 0.055 Thread 0x00000219598126c0 Thread added: 0x00000219598126c0
Event: 0.083 Thread 0x000002195982be80 Thread added: 0x000002195982be80
Event: 0.083 Thread 0x000002195982c730 Thread added: 0x000002195982c730
Event: 0.083 Thread 0x000002195982cfe0 Thread added: 0x000002195982cfe0
Event: 0.083 Thread 0x000002195982d9d0 Thread added: 0x000002195982d9d0
Event: 0.083 Thread 0x000002195982e5b0 Thread added: 0x000002195982e5b0
Event: 0.084 Thread 0x000002195982fff0 Thread added: 0x000002195982fff0
Event: 0.085 Thread 0x0000021959855180 Thread added: 0x0000021959855180
Event: 0.141 Thread 0x000002195dc8f440 Thread added: 0x000002195dc8f440
Event: 0.153 Thread 0x000002195dc93f90 Thread added: 0x000002195dc93f90
Event: 0.162 Loaded shared library C:\Program Files\Java\jdk-18.0.2.1\bin\net.dll
Event: 0.167 Loaded shared library C:\Program Files\Java\jdk-18.0.2.1\bin\nio.dll
Event: 0.179 Loaded shared library C:\Program Files\Java\jdk-18.0.2.1\bin\zip.dll
Event: 0.758 Loaded shared library C:\Program Files\Java\jdk-18.0.2.1\bin\jimage.dll
Event: 0.798 Loaded shared library C:\Program Files\NetBeans-15\netbeans\java\maven\lib\jansi-native\Windows\x86_64\jansi.dll
Event: 0.840 Loaded shared library C:\Program Files\Java\jdk-18.0.2.1\bin\verify.dll
Event: 2.056 Thread 0x000002195e37ef30 Thread added: 0x000002195e37ef30


Dynamic libraries:
0x00007ff6972c0000 - 0x00007ff6972d0000 	C:\Program Files\Java\jdk-18.0.2.1\bin\java.exe
0x00007ff8c30d0000 - 0x00007ff8c32c8000 	C:\Windows\SYSTEM32\ntdll.dll
0x00007ff8c1f50000 - 0x00007ff8c200f000 	C:\Windows\System32\KERNEL32.DLL
0x00007ff8c0800000 - 0x00007ff8c0ad2000 	C:\Windows\System32\KERNELBASE.dll
0x00007ff8c0e70000 - 0x00007ff8c0f70000 	C:\Windows\System32\ucrtbase.dll
0x00007ff8b73c0000 - 0x00007ff8b73d8000 	C:\Program Files\Java\jdk-18.0.2.1\bin\jli.dll
0x00007ff8b6f30000 - 0x00007ff8b6f4a000 	C:\Program Files\Java\jdk-18.0.2.1\bin\VCRUNTIME140.dll
0x00007ff8c1c20000 - 0x00007ff8c1cce000 	C:\Windows\System32\ADVAPI32.dll
0x00007ff8c2df0000 - 0x00007ff8c2e8e000 	C:\Windows\System32\msvcrt.dll
0x00007ff8c1d00000 - 0x00007ff8c1d9c000 	C:\Windows\System32\sechost.dll
0x00007ff8c1e20000 - 0x00007ff8c1f45000 	C:\Windows\System32\RPCRT4.dll
0x00007ff8c1a80000 - 0x00007ff8c1c1d000 	C:\Windows\System32\USER32.dll
0x00007ff8c07d0000 - 0x00007ff8c07f2000 	C:\Windows\System32\win32u.dll
0x00007ff8c2070000 - 0x00007ff8c209b000 	C:\Windows\System32\GDI32.dll
0x00007ff8c0d60000 - 0x00007ff8c0e6f000 	C:\Windows\System32\gdi32full.dll
0x00007ff8c0c90000 - 0x00007ff8c0d2d000 	C:\Windows\System32\msvcp_win.dll
0x00007ff8abed0000 - 0x00007ff8ac16a000 	C:\Windows\WinSxS\amd64_microsoft.windows.common-controls_6595b64144ccf1df_6.0.19041.1110_none_60b5254171f9507e\COMCTL32.dll
0x00007ff8b5ec0000 - 0x00007ff8b5eca000 	C:\Windows\SYSTEM32\VERSION.dll
0x00007ff8c2160000 - 0x00007ff8c2192000 	C:\Windows\System32\IMM32.DLL
0x00007ff8b8a50000 - 0x00007ff8b8a5c000 	C:\Program Files\Java\jdk-18.0.2.1\bin\vcruntime140_1.dll
0x00007ff88b0d0000 - 0x00007ff88b15d000 	C:\Program Files\Java\jdk-18.0.2.1\bin\msvcp140.dll
0x00007ff835ad0000 - 0x00007ff8366e1000 	C:\Program Files\Java\jdk-18.0.2.1\bin\server\jvm.dll
0x00007ff8c1cf0000 - 0x00007ff8c1cf8000 	C:\Windows\System32\PSAPI.DLL
0x00007ff89fb10000 - 0x00007ff89fb19000 	C:\Windows\SYSTEM32\WSOCK32.dll
0x00007ff8c2e90000 - 0x00007ff8c2efb000 	C:\Windows\System32\WS2_32.dll
0x00007ff8a5f10000 - 0x00007ff8a5f37000 	C:\Windows\SYSTEM32\WINMM.dll
0x00007ff8bf020000 - 0x00007ff8bf032000 	C:\Windows\SYSTEM32\kernel.appcore.dll
0x00007ff8b74f0000 - 0x00007ff8b74fa000 	C:\Program Files\Java\jdk-18.0.2.1\bin\jimage.dll
0x00007ff8bee00000 - 0x00007ff8befe4000 	C:\Windows\SYSTEM32\DBGHELP.DLL
0x00007ff8a8070000 - 0x00007ff8a809c000 	C:\Windows\SYSTEM32\dbgcore.DLL
0x00007ff8c0fe0000 - 0x00007ff8c1062000 	C:\Windows\System32\bcryptPrimitives.dll
0x00007ff8b5630000 - 0x00007ff8b5655000 	C:\Program Files\Java\jdk-18.0.2.1\bin\java.dll
0x00007ff883c50000 - 0x00007ff883d26000 	C:\Program Files\Java\jdk-18.0.2.1\bin\jsvml.dll
0x00007ff8c2340000 - 0x00007ff8c2a83000 	C:\Windows\System32\SHELL32.dll
0x00007ff8be660000 - 0x00007ff8bedf2000 	C:\Windows\SYSTEM32\windows.storage.dll
0x00007ff8c2a90000 - 0x00007ff8c2de4000 	C:\Windows\System32\combase.dll
0x00007ff8c01c0000 - 0x00007ff8c01f0000 	C:\Windows\SYSTEM32\Wldp.dll
0x00007ff8c2290000 - 0x00007ff8c233d000 	C:\Windows\System32\SHCORE.dll
0x00007ff8c3030000 - 0x00007ff8c3085000 	C:\Windows\System32\shlwapi.dll
0x00007ff8c0710000 - 0x00007ff8c072f000 	C:\Windows\SYSTEM32\profapi.dll
0x00007ff88c870000 - 0x00007ff88c883000 	C:\Program Files\Java\jdk-18.0.2.1\bin\net.dll
0x00007ff8be190000 - 0x00007ff8be29c000 	C:\Windows\SYSTEM32\WINHTTP.dll
0x00007ff8bff20000 - 0x00007ff8bff8a000 	C:\Windows\system32\mswsock.dll
0x00007ff88c850000 - 0x00007ff88c866000 	C:\Program Files\Java\jdk-18.0.2.1\bin\nio.dll
0x00007ff88c830000 - 0x00007ff88c848000 	C:\Program Files\Java\jdk-18.0.2.1\bin\zip.dll
0x0000000069ac0000 - 0x0000000069ae4000 	C:\Program Files\NetBeans-15\netbeans\java\maven\lib\jansi-native\Windows\x86_64\jansi.dll
0x00007ff8b5f50000 - 0x00007ff8b5f60000 	C:\Program Files\Java\jdk-18.0.2.1\bin\verify.dll

dbghelp: loaded successfully - version: 4.0.5 - missing functions: none
symbol engine: initialized successfully - sym options: 0x614 - pdb path: .;C:\Program Files\Java\jdk-18.0.2.1\bin;C:\Windows\SYSTEM32;C:\Windows\WinSxS\amd64_microsoft.windows.common-controls_6595b64144ccf1df_6.0.19041.1110_none_60b5254171f9507e;C:\Program Files\Java\jdk-18.0.2.1\bin\server;C:\Program Files\NetBeans-15\netbeans\java\maven\lib\jansi-native\Windows\x86_64

VM Arguments:
jvm_args: -Dclassworlds.conf=C:\Program Files\NetBeans-15\netbeans\java\maven\bin\m2.conf -Dmaven.home=C:\Program Files\NetBeans-15\netbeans\java\maven -Dlibrary.jansi.path=C:\Program Files\NetBeans-15\netbeans\java\maven\lib\jansi-native -Dmaven.multiModuleProjectDirectory=D:\NetBeansProjects\projetGL\desktop_java 
java_command: org.codehaus.plexus.classworlds.launcher.Launcher -Dexec.vmArgs= -Dexec.args=${exec.vmArgs} -classpath %classpath ${exec.mainClass} ${exec.appArgs} -Dexec.executable=C:\Program Files\Java\jdk-18.0.2.1\bin\java.exe -Dexec.mainClass=project.java.desktop_java.Archive -Dexec.classpathScope=runtime -Dexec.appArgs= -Dmaven.ext.class.path=C:\Program Files\NetBeans-15\netbeans\java\maven-nblib\netbeans-eventspy.jar org.codehaus.mojo:exec-maven-plugin:3.0.0:exec
java_class_path (initial): C:\Program Files\NetBeans-15\netbeans\java\maven\boot\plexus-classworlds-2.6.0.jar
Launcher Type: SUN_STANDARD

[Global flags]
     intx CICompilerCount                          = 3                                         {product} {ergonomic}
     uint ConcGCThreads                            = 1                                         {product} {ergonomic}
     uint G1ConcRefinementThreads                  = 4                                         {product} {ergonomic}
   size_t G1HeapRegionSize                         = 1048576                                   {product} {ergonomic}
    uintx GCDrainStackTargetSize                   = 64                                        {product} {ergonomic}
   size_t InitialHeapSize                          = 134217728                                 {product} {ergonomic}
   size_t MarkStackSize                            = 4194304                                   {product} {ergonomic}
   size_t MaxHeapSize                              = 2118123520                                {product} {ergonomic}
   size_t MaxNewSize                               = 1270874112                                {product} {ergonomic}
   size_t MinHeapDeltaBytes                        = 1048576                                   {product} {ergonomic}
   size_t MinHeapSize                              = 8388608                                   {product} {ergonomic}
    uintx NonNMethodCodeHeapSize                   = 5832780                                {pd product} {ergonomic}
    uintx NonProfiledCodeHeapSize                  = 122912730                              {pd product} {ergonomic}
    uintx ProfiledCodeHeapSize                     = 122912730                              {pd product} {ergonomic}
    uintx ReservedCodeCacheSize                    = 251658240                              {pd product} {ergonomic}
     bool SegmentedCodeCache                       = true                                      {product} {ergonomic}
   size_t SoftMaxHeapSize                          = 2118123520                             {manageable} {ergonomic}
     bool UseCompressedClassPointers               = true                           {product lp64_product} {ergonomic}
     bool UseCompressedOops                        = true                           {product lp64_product} {ergonomic}
     bool UseG1GC                                  = true                                      {product} {ergonomic}
     bool UseLargePagesIndividualAllocation        = false                                  {pd product} {ergonomic}

Logging:
Log output configuration:
 #0: stdout all=warning uptime,level,tags foldmultilines=false
 #1: stderr all=off uptime,level,tags foldmultilines=false

Environment Variables:
JAVA_HOME=C:\Program Files\Java\jdk-18.0.2.1
PATH=C:\oraclexe\app\oracle\product\11.2.0\server\bin;;C:\Program Files\Common Files\Oracle\Java\javapath;C:\Windows\system32;C:\Windows;C:\Windows\System32\Wbem;C:\Windows\System32\WindowsPowerShell\v1.0\;C:\Windows\System32\OpenSSH\;C:\Program Files\Microsoft SQL Server\150\Tools\Binn\;C:\Program Files\PuTTY\;C:\xampp\php;C:\ProgramData\ComposerSetup\bin;C:\Program Files\nodejs\;C:\Program Files\Java\jdk-18.0.2.1\bin;C:\Program Files\Git\cmd;C:\HashiCorp\Vagrant\bin;C:\Users\HP\AppData\Local\Microsoft\WindowsApps;C:\Users\HP\AppData\Local\Programs\Microsoft VS Code\bin;C:\Users\HP\AppData\Roaming\Composer\vendor\bin;C:\Users\HP\AppData\Roaming\npm
USERNAME=HP
OS=Windows_NT
PROCESSOR_IDENTIFIER=Intel64 Family 6 Model 78 Stepping 3, GenuineIntel



---------------  S Y S T E M  ---------------

OS:
 Windows 10 , 64 bit Build 19041 (10.0.19041.2251)
OS uptime: 0 days 7:15 hours

CPU: total 4 (initial active 4) (2 cores per cpu, 2 threads per core) family 6 model 78 stepping 3 microcode 0xd4, cx8, cmov, fxsr, ht, mmx, 3dnowpref, sse, sse2, sse3, ssse3, sse4.1, sse4.2, popcnt, lzcnt, tsc, tscinvbit, avx, avx2, aes, erms, clmul, bmi1, bmi2, rtm, adx, fma, vzeroupper, clflush, clflushopt

Memory: 4k page, system-wide physical 8072M (1319M free)
TotalPageFile size 11480M (AvailPageFile size 3M)
current process WorkingSet (physical memory assigned to process): 68M, peak: 68M
current process commit charge ("private bytes"): 219M, peak: 219M

vm_info: Java HotSpot(TM) 64-Bit Server VM (18.0.2.1+1-1) for windows-amd64 JRE (18.0.2.1+1-1), built on Aug 16 2022 01:46:33 by "mach5one" with MS VC++ 16.8 / 16.9 (VS2019)

END.
